/home/boss/Projects/livai/packages/app/tests/unit/ui/avatar.test.tsx: –¥–æ–ª–∂–µ–Ω –ø–µ—Ä–µ—Å—á–∏—Ç—ã–≤–∞—Ç—å –∑–Ω–∞—á–µ–Ω–∏—è –ø—Ä–∏ –∏–∑–º–µ–Ω–µ–Ω–∏–∏ –ø—Ä–æ–ø—Å–æ–≤
AssertionError: expected "vi.fn()" to be called with arguments: [ 'Avatar mount', ‚Ä¶(1) ][90m

Number of calls: [1m0[22m
[39m
    at Proxy.<anonymous> (file:///home/boss/Projects/livai/node_modules/.pnpm/@vitest+expect@4.0.17/node_modules/@vitest/expect/dist/index.js:1420:10)
    at Proxy.<anonymous> (file:///home/boss/Projects/livai/node_modules/.pnpm/@vitest+expect@4.0.17/node_modules/@vitest/expect/dist/index.js:1090:14)
    at Proxy.methodWrapper (file:///home/boss/Projects/livai/node_modules/.pnpm/chai@6.2.2/node_modules/chai/index.js:1700:25)
    at /home/boss/Projects/livai/packages/app/tests/unit/ui/avatar.test.tsx:324:37
    at file:///home/boss/Projects/livai/node_modules/.pnpm/@vitest+runner@4.0.17/node_modules/@vitest/runner/dist/index.js:145:11
    at file:///home/boss/Projects/livai/node_modules/.pnpm/@vitest+runner@4.0.17/node_modules/@vitest/runner/dist/index.js:915:26
    at file:///home/boss/Projects/livai/node_modules/.pnpm/@vitest+runner@4.0.17/node_modules/@vitest/runner/dist/index.js:1243:20
    at new Promise (<anonymous>)
    at runWithTimeout (file:///home/boss/Projects/livai/node_modules/.pnpm/@vitest+runner@4.0.17/node_modules/@vitest/runner/dist/index.js:1209:10)
    at file:///home/boss/Projects/livai/node_modules/.pnpm/@vitest+runner@4.0.17/node_modules/@vitest/runner/dist/index.js:1653:37

---

/home/boss/Projects/livai/packages/app/tests/unit/ui/badge.test.tsx: –¥–æ–ª–∂–µ–Ω –ø–µ—Ä–µ—Ä–µ–Ω–¥–µ—Ä–∏–≤–∞—Ç—å—Å—è –ø—Ä–∏ –∏–∑–º–µ–Ω–µ–Ω–∏–∏ –∑–Ω–∞—á–∏–º—ã—Ö –ø—Ä–æ–ø—Å–æ–≤
AssertionError: expected "vi.fn()" to be called 3 times, but got 1 times
    at /home/boss/Projects/livai/packages/app/tests/unit/ui/badge.test.tsx:290:37
    at file:///home/boss/Projects/livai/node_modules/.pnpm/@vitest+runner@4.0.17/node_modules/@vitest/runner/dist/index.js:145:11
    at file:///home/boss/Projects/livai/node_modules/.pnpm/@vitest+runner@4.0.17/node_modules/@vitest/runner/dist/index.js:915:26
    at file:///home/boss/Projects/livai/node_modules/.pnpm/@vitest+runner@4.0.17/node_modules/@vitest/runner/dist/index.js:1243:20
    at new Promise (<anonymous>)
    at runWithTimeout (file:///home/boss/Projects/livai/node_modules/.pnpm/@vitest+runner@4.0.17/node_modules/@vitest/runner/dist/index.js:1209:10)
    at file:///home/boss/Projects/livai/node_modules/.pnpm/@vitest+runner@4.0.17/node_modules/@vitest/runner/dist/index.js:1653:37
    at Traces.$ (file:///home/boss/Projects/livai/node_modules/.pnpm/vitest@4.0.17_@opentelemetry+api@1.9.0_@types+node@25.0.9_jsdom@27.4.0_terser@5.46.0_tsx@4.21.0_yaml@2.8.2/node_modules/vitest/dist/chunks/traces.CCmnQaNT.js:142:27)
    at trace (file:///home/boss/Projects/livai/node_modules/.pnpm/vitest@4.0.17_@opentelemetry+api@1.9.0_@types+node@25.0.9_jsdom@27.4.0_terser@5.46.0_tsx@4.21.0_yaml@2.8.2/node_modules/vitest/dist/chunks/test.B8ej_ZHS.js:239:21)
    at runTest (file:///home/boss/Projects/livai/node_modules/.pnpm/@vitest+runner@4.0.17/node_modules/@vitest/runner/dist/index.js:1653:12)

---

/home/boss/Projects/livai/packages/app/tests/unit/ui/breadcrumbs.test.tsx: –¥–æ–ª–∂–µ–Ω –ø–µ—Ä–µ–¥–∞–≤–∞—Ç—å data-state —Å —Ç–µ–∫—É—â–∏–º —Å–æ—Å—Ç–æ—è–Ω–∏–µ–º –≤–∏–¥–∏–º–æ—Å—Ç–∏
TestingLibraryElementError: Unable to find an element by: [data-testid="core-breadcrumbs"]

Ignored nodes: comments, script, style
[36m<body>[39m
  [36m<div />[39m
[36m</body>[39m
    at Object.getElementError (/home/boss/Projects/livai/node_modules/.pnpm/@testing-library+dom@10.4.1/node_modules/@testing-library/dom/dist/config.js:37:19)
    at /home/boss/Projects/livai/node_modules/.pnpm/@testing-library+dom@10.4.1/node_modules/@testing-library/dom/dist/query-helpers.js:76:38
    at /home/boss/Projects/livai/node_modules/.pnpm/@testing-library+dom@10.4.1/node_modules/@testing-library/dom/dist/query-helpers.js:52:17
    at /home/boss/Projects/livai/node_modules/.pnpm/@testing-library+dom@10.4.1/node_modules/@testing-library/dom/dist/query-helpers.js:95:19
    at /home/boss/Projects/livai/packages/app/tests/unit/ui/breadcrumbs.test.tsx:85:21
    at file:///home/boss/Projects/livai/node_modules/.pnpm/@vitest+runner@4.0.17/node_modules/@vitest/runner/dist/index.js:145:11
    at file:///home/boss/Projects/livai/node_modules/.pnpm/@vitest+runner@4.0.17/node_modules/@vitest/runner/dist/index.js:915:26
    at file:///home/boss/Projects/livai/node_modules/.pnpm/@vitest+runner@4.0.17/node_modules/@vitest/runner/dist/index.js:1243:20
    at new Promise (<anonymous>)
    at runWithTimeout (file:///home/boss/Projects/livai/node_modules/.pnpm/@vitest+runner@4.0.17/node_modules/@vitest/runner/dist/index.js:1209:10)

---

/home/boss/Projects/livai/packages/app/tests/unit/ui/breadcrumbs.test.tsx: –¥–æ–ª–∂–µ–Ω –æ—Ç–ø—Ä–∞–≤–ª—è—Ç—å show/hide telemetry –ø—Ä–∏ –∏–∑–º–µ–Ω–µ–Ω–∏–∏ –≤–∏–¥–∏–º–æ—Å—Ç–∏
AssertionError: expected "vi.fn()" to be called with arguments: [ 'Breadcrumbs show', ‚Ä¶(1) ][90m

Received: 

[1m  1st vi.fn() call:

[22m[33m@@ -1,9 +1,9 @@[90m
[2m  [[22m
[32m-   "Breadcrumbs show",[90m
[31m+   "Breadcrumbs mount",[90m
[2m    {[22m
[32m-     "action": "show",[90m
[31m+     "action": "mount",[90m
[2m      "component": "Breadcrumbs",[22m
[2m      "hidden": false,[22m
[2m      "itemsCount": 3,[22m
[2m      "visible": true,[22m
[2m    },[22m
[39m[90m

Number of calls: [1m1[22m
[39m
    at Proxy.<anonymous> (file:///home/boss/Projects/livai/node_modules/.pnpm/@vitest+expect@4.0.17/node_modules/@vitest/expect/dist/index.js:1420:10)
    at Proxy.<anonymous> (file:///home/boss/Projects/livai/node_modules/.pnpm/@vitest+expect@4.0.17/node_modules/@vitest/expect/dist/index.js:1090:14)
    at Proxy.methodWrapper (file:///home/boss/Projects/livai/node_modules/.pnpm/chai@6.2.2/node_modules/chai/index.js:1700:25)
    at /home/boss/Projects/livai/packages/app/tests/unit/ui/breadcrumbs.test.tsx:155:37
    at file:///home/boss/Projects/livai/node_modules/.pnpm/@vitest+runner@4.0.17/node_modules/@vitest/runner/dist/index.js:145:11
    at file:///home/boss/Projects/livai/node_modules/.pnpm/@vitest+runner@4.0.17/node_modules/@vitest/runner/dist/index.js:915:26
    at file:///home/boss/Projects/livai/node_modules/.pnpm/@vitest+runner@4.0.17/node_modules/@vitest/runner/dist/index.js:1243:20
    at new Promise (<anonymous>)
    at runWithTimeout (file:///home/boss/Projects/livai/node_modules/.pnpm/@vitest+runner@4.0.17/node_modules/@vitest/runner/dist/index.js:1209:10)
    at file:///home/boss/Projects/livai/node_modules/.pnpm/@vitest+runner@4.0.17/node_modules/@vitest/runner/dist/index.js:1653:37

---

/home/boss/Projects/livai/packages/app/tests/unit/ui/breadcrumbs.test.tsx: –ø—Ä–∞–≤–∏–ª—å–Ω–æ –æ–±—Ä–∞–±–∞—Ç—ã–≤–∞–µ—Ç –∏–∑–º–µ–Ω–µ–Ω–∏–µ items
AssertionError: expected "vi.fn()" to be called with arguments: [ 'Breadcrumbs mount', ‚Ä¶(1) ][90m

Received: 

[1m  1st vi.fn() call:

[22m[2m  [[22m
[2m    "Breadcrumbs mount",[22m
[32m-   ObjectContaining {[90m
[32m-     "itemsCount": 1,[90m
[31m+   {[90m
[31m+     "action": "mount",[90m
[31m+     "component": "Breadcrumbs",[90m
[31m+     "hidden": false,[90m
[31m+     "itemsCount": 3,[90m
[31m+     "visible": true,[90m
[2m    },[22m
[2m  ][22m
[39m[90m

Number of calls: [1m1[22m
[39m
    at Proxy.<anonymous> (file:///home/boss/Projects/livai/node_modules/.pnpm/@vitest+expect@4.0.17/node_modules/@vitest/expect/dist/index.js:1420:10)
    at Proxy.<anonymous> (file:///home/boss/Projects/livai/node_modules/.pnpm/@vitest+expect@4.0.17/node_modules/@vitest/expect/dist/index.js:1090:14)
    at Proxy.methodWrapper (file:///home/boss/Projects/livai/node_modules/.pnpm/chai@6.2.2/node_modules/chai/index.js:1700:25)
    at /home/boss/Projects/livai/packages/app/tests/unit/ui/breadcrumbs.test.tsx:346:37
    at file:///home/boss/Projects/livai/node_modules/.pnpm/@vitest+runner@4.0.17/node_modules/@vitest/runner/dist/index.js:145:11
    at file:///home/boss/Projects/livai/node_modules/.pnpm/@vitest+runner@4.0.17/node_modules/@vitest/runner/dist/index.js:915:26
    at file:///home/boss/Projects/livai/node_modules/.pnpm/@vitest+runner@4.0.17/node_modules/@vitest/runner/dist/index.js:1243:20
    at new Promise (<anonymous>)
    at runWithTimeout (file:///home/boss/Projects/livai/node_modules/.pnpm/@vitest+runner@4.0.17/node_modules/@vitest/runner/dist/index.js:1209:10)
    at file:///home/boss/Projects/livai/node_modules/.pnpm/@vitest+runner@4.0.17/node_modules/@vitest/runner/dist/index.js:1653:37

---

/home/boss/Projects/livai/packages/app/tests/unit/ui/breadcrumbs.test.tsx: –¥–æ–ª–∂–µ–Ω —Ä–µ–∞–≥–∏—Ä–æ–≤–∞—Ç—å –Ω–∞ –∏–∑–º–µ–Ω–µ–Ω–∏–µ visible
AssertionError: expected "vi.fn()" to be called with arguments: [ 'Breadcrumbs show', Any<Object> ][90m

Received: 

[1m  1st vi.fn() call:

[22m[2m  [[22m
[32m-   "Breadcrumbs show",[90m
[32m-   Any<Object>,[90m
[31m+   "Breadcrumbs mount",[90m
[31m+   {[90m
[31m+     "action": "mount",[90m
[31m+     "component": "Breadcrumbs",[90m
[31m+     "hidden": false,[90m
[31m+     "itemsCount": 3,[90m
[31m+     "visible": true,[90m
[31m+   },[90m
[2m  ][22m
[39m[90m

Number of calls: [1m1[22m
[39m
    at Proxy.<anonymous> (file:///home/boss/Projects/livai/node_modules/.pnpm/@vitest+expect@4.0.17/node_modules/@vitest/expect/dist/index.js:1420:10)
    at Proxy.<anonymous> (file:///home/boss/Projects/livai/node_modules/.pnpm/@vitest+expect@4.0.17/node_modules/@vitest/expect/dist/index.js:1090:14)
    at Proxy.methodWrapper (file:///home/boss/Projects/livai/node_modules/.pnpm/chai@6.2.2/node_modules/chai/index.js:1700:25)
    at /home/boss/Projects/livai/packages/app/tests/unit/ui/breadcrumbs.test.tsx:370:37
    at file:///home/boss/Projects/livai/node_modules/.pnpm/@vitest+runner@4.0.17/node_modules/@vitest/runner/dist/index.js:145:11
    at file:///home/boss/Projects/livai/node_modules/.pnpm/@vitest+runner@4.0.17/node_modules/@vitest/runner/dist/index.js:915:26
    at file:///home/boss/Projects/livai/node_modules/.pnpm/@vitest+runner@4.0.17/node_modules/@vitest/runner/dist/index.js:1243:20
    at new Promise (<anonymous>)
    at runWithTimeout (file:///home/boss/Projects/livai/node_modules/.pnpm/@vitest+runner@4.0.17/node_modules/@vitest/runner/dist/index.js:1209:10)
    at file:///home/boss/Projects/livai/node_modules/.pnpm/@vitest+runner@4.0.17/node_modules/@vitest/runner/dist/index.js:1653:37

---

/home/boss/Projects/livai/packages/app/tests/unit/ui/card.test.tsx: –¥–æ–ª–∂–µ–Ω —Ä–µ–Ω–¥–µ—Ä–∏—Ç—å –∫–æ–º–ø–æ–Ω–µ–Ω—Ç –ø—Ä–∏ isHiddenByFeatureFlag=true –Ω–æ feature flag –æ—Ç–∫–ª—é—á–µ–Ω
TestingLibraryElementError: Unable to find an element with the text: Content. This could be because the text is broken up by multiple elements. In this case, you can provide a function for your text matcher to make your matcher more flexible.

Ignored nodes: comments, script, style
[36m<body>[39m
  [36m<div />[39m
[36m</body>[39m
    at Object.getElementError (/home/boss/Projects/livai/node_modules/.pnpm/@testing-library+dom@10.4.1/node_modules/@testing-library/dom/dist/config.js:37:19)
    at /home/boss/Projects/livai/node_modules/.pnpm/@testing-library+dom@10.4.1/node_modules/@testing-library/dom/dist/query-helpers.js:76:38
    at /home/boss/Projects/livai/node_modules/.pnpm/@testing-library+dom@10.4.1/node_modules/@testing-library/dom/dist/query-helpers.js:52:17
    at /home/boss/Projects/livai/node_modules/.pnpm/@testing-library+dom@10.4.1/node_modules/@testing-library/dom/dist/query-helpers.js:95:19
    at /home/boss/Projects/livai/packages/app/tests/unit/ui/card.test.tsx:89:21
    at file:///home/boss/Projects/livai/node_modules/.pnpm/@vitest+runner@4.0.17/node_modules/@vitest/runner/dist/index.js:145:11
    at file:///home/boss/Projects/livai/node_modules/.pnpm/@vitest+runner@4.0.17/node_modules/@vitest/runner/dist/index.js:915:26
    at file:///home/boss/Projects/livai/node_modules/.pnpm/@vitest+runner@4.0.17/node_modules/@vitest/runner/dist/index.js:1243:20
    at new Promise (<anonymous>)
    at runWithTimeout (file:///home/boss/Projects/livai/node_modules/.pnpm/@vitest+runner@4.0.17/node_modules/@vitest/runner/dist/index.js:1209:10)

---

/home/boss/Projects/livai/packages/app/tests/unit/ui/card.test.tsx: –¥–æ–ª–∂–µ–Ω –±—ã—Ç—å enabled –ø—Ä–∏ isDisabledByFeatureFlag=true –Ω–æ feature flag –æ—Ç–∫–ª—é—á–µ–Ω
Error: [2mexpect([22m[31melement[39m[2m).not.toHaveAttribute([22m[32m[32m"data-disabled"[32m[39m[2m) // element.hasAttribute("data-disabled")[22m

Expected the element not to have attribute:
[32m  data-disabled[39m
Received:
[31m  data-disabled="true"[39m
    at Proxy.expectWrapper (file:///home/boss/Projects/livai/node_modules/.pnpm/@vitest+expect@4.0.17/node_modules/@vitest/expect/dist/index.js:1821:12)
    at Proxy.<anonymous> (file:///home/boss/Projects/livai/node_modules/.pnpm/@vitest+expect@4.0.17/node_modules/@vitest/expect/dist/index.js:1090:14)
    at Proxy.methodWrapper (file:///home/boss/Projects/livai/node_modules/.pnpm/chai@6.2.2/node_modules/chai/index.js:1700:25)
    at /home/boss/Projects/livai/packages/app/tests/unit/ui/card.test.tsx:126:24
    at file:///home/boss/Projects/livai/node_modules/.pnpm/@vitest+runner@4.0.17/node_modules/@vitest/runner/dist/index.js:145:11
    at file:///home/boss/Projects/livai/node_modules/.pnpm/@vitest+runner@4.0.17/node_modules/@vitest/runner/dist/index.js:915:26
    at file:///home/boss/Projects/livai/node_modules/.pnpm/@vitest+runner@4.0.17/node_modules/@vitest/runner/dist/index.js:1243:20
    at new Promise (<anonymous>)
    at runWithTimeout (file:///home/boss/Projects/livai/node_modules/.pnpm/@vitest+runner@4.0.17/node_modules/@vitest/runner/dist/index.js:1209:10)
    at file:///home/boss/Projects/livai/node_modules/.pnpm/@vitest+runner@4.0.17/node_modules/@vitest/runner/dist/index.js:1653:37

---

/home/boss/Projects/livai/packages/app/tests/unit/ui/modal.test.tsx: –Ω–µ –¥–æ–ª–∂–µ–Ω —Ä–µ–Ω–¥–µ—Ä–∏—Ç—å modal –∫–æ–≥–¥–∞ feature flag –≤–∫–ª—é—á–µ–Ω
Error: [2mexpect([22m[31melement[39m[2m).not.toBeInTheDocument()[22m

[31mexpected document not to contain element, found <div
  data-component="AppModal"
  data-state="visible"
  data-testid="core-modal"
  data-variant="default"
  data-visible="true"
>
  Test modal content
</div> instead[39m
    at Proxy.expectWrapper (file:///home/boss/Projects/livai/node_modules/.pnpm/@vitest+expect@4.0.17/node_modules/@vitest/expect/dist/index.js:1821:12)
    at Proxy.<anonymous> (file:///home/boss/Projects/livai/node_modules/.pnpm/@vitest+expect@4.0.17/node_modules/@vitest/expect/dist/index.js:1090:14)
    at Proxy.methodWrapper (file:///home/boss/Projects/livai/node_modules/.pnpm/chai@6.2.2/node_modules/chai/index.js:1700:25)
    at /home/boss/Projects/livai/packages/app/tests/unit/ui/modal.test.tsx:129:51
    at file:///home/boss/Projects/livai/node_modules/.pnpm/@vitest+runner@4.0.17/node_modules/@vitest/runner/dist/index.js:145:11
    at file:///home/boss/Projects/livai/node_modules/.pnpm/@vitest+runner@4.0.17/node_modules/@vitest/runner/dist/index.js:915:26
    at file:///home/boss/Projects/livai/node_modules/.pnpm/@vitest+runner@4.0.17/node_modules/@vitest/runner/dist/index.js:1243:20
    at new Promise (<anonymous>)
    at runWithTimeout (file:///home/boss/Projects/livai/node_modules/.pnpm/@vitest+runner@4.0.17/node_modules/@vitest/runner/dist/index.js:1209:10)
    at file:///home/boss/Projects/livai/node_modules/.pnpm/@vitest+runner@4.0.17/node_modules/@vitest/runner/dist/index.js:1653:37

---

/home/boss/Projects/livai/packages/app/tests/unit/ui/toast.test.tsx: –Ω–µ –¥–æ–ª–∂–µ–Ω —Ä–µ–Ω–¥–µ—Ä–∏—Ç—å –∫–æ–≥–¥–∞ feature flag –≤–∫–ª—é—á–µ–Ω –∏ isHiddenByFeatureFlag –Ω–µ —É–∫–∞–∑–∞–Ω
Error: [2mexpect([22m[31melement[39m[2m).not.toBeInTheDocument()[22m

[31mexpected document not to contain element, found <div
  content="Test toast"
  data-component="AppToast"
  data-testid="core-toast"
  data-variant="info"
  data-visible="true"
/> instead[39m
    at Proxy.expectWrapper (file:///home/boss/Projects/livai/node_modules/.pnpm/@vitest+expect@4.0.17/node_modules/@vitest/expect/dist/index.js:1821:12)
    at Proxy.<anonymous> (file:///home/boss/Projects/livai/node_modules/.pnpm/@vitest+expect@4.0.17/node_modules/@vitest/expect/dist/index.js:1090:14)
    at Proxy.methodWrapper (file:///home/boss/Projects/livai/node_modules/.pnpm/chai@6.2.2/node_modules/chai/index.js:1700:25)
    at /home/boss/Projects/livai/packages/app/tests/unit/ui/toast.test.tsx:122:54
    at file:///home/boss/Projects/livai/node_modules/.pnpm/@vitest+runner@4.0.17/node_modules/@vitest/runner/dist/index.js:145:11
    at file:///home/boss/Projects/livai/node_modules/.pnpm/@vitest+runner@4.0.17/node_modules/@vitest/runner/dist/index.js:915:26
    at file:///home/boss/Projects/livai/node_modules/.pnpm/@vitest+runner@4.0.17/node_modules/@vitest/runner/dist/index.js:1243:20
    at new Promise (<anonymous>)
    at runWithTimeout (file:///home/boss/Projects/livai/node_modules/.pnpm/@vitest+runner@4.0.17/node_modules/@vitest/runner/dist/index.js:1209:10)
    at file:///home/boss/Projects/livai/node_modules/.pnpm/@vitest+runner@4.0.17/node_modules/@vitest/runner/dist/index.js:1653:37

---

/home/boss/Projects/livai/packages/app/tests/unit/ui/toast.test.tsx: –¥–æ–ª–∂–µ–Ω –ø–µ—Ä–µ—Å—á–∏—Ç—ã–≤–∞—Ç—å payload –ø—Ä–∏ –∏–∑–º–µ–Ω–µ–Ω–∏–∏ variant
AssertionError: expected "vi.fn()" to be called with arguments: [ 'Toast mount', ‚Ä¶(1) ][90m

Number of calls: [1m0[22m
[39m
    at Proxy.<anonymous> (file:///home/boss/Projects/livai/node_modules/.pnpm/@vitest+expect@4.0.17/node_modules/@vitest/expect/dist/index.js:1420:10)
    at Proxy.<anonymous> (file:///home/boss/Projects/livai/node_modules/.pnpm/@vitest+expect@4.0.17/node_modules/@vitest/expect/dist/index.js:1090:14)
    at Proxy.methodWrapper (file:///home/boss/Projects/livai/node_modules/.pnpm/chai@6.2.2/node_modules/chai/index.js:1700:25)
    at /home/boss/Projects/livai/packages/app/tests/unit/ui/toast.test.tsx:302:37
    at file:///home/boss/Projects/livai/node_modules/.pnpm/@vitest+runner@4.0.17/node_modules/@vitest/runner/dist/index.js:145:11
    at file:///home/boss/Projects/livai/node_modules/.pnpm/@vitest+runner@4.0.17/node_modules/@vitest/runner/dist/index.js:915:26
    at file:///home/boss/Projects/livai/node_modules/.pnpm/@vitest+runner@4.0.17/node_modules/@vitest/runner/dist/index.js:1243:20
    at new Promise (<anonymous>)
    at runWithTimeout (file:///home/boss/Projects/livai/node_modules/.pnpm/@vitest+runner@4.0.17/node_modules/@vitest/runner/dist/index.js:1209:10)
    at file:///home/boss/Projects/livai/node_modules/.pnpm/@vitest+runner@4.0.17/node_modules/@vitest/runner/dist/index.js:1653:37

---

/home/boss/Projects/livai/packages/app/tests/unit/ui/tooltip.test.tsx: –¥–æ–ª–∂–µ–Ω –æ—Ç–ø—Ä–∞–≤–ª—è—Ç—å mount event –ø—Ä–∏ —Ä–µ–Ω–¥–µ—Ä–µ
AssertionError: expected "vi.fn()" to be called 2 times, but got 1 times
    at /home/boss/Projects/livai/packages/app/tests/unit/ui/tooltip.test.tsx:115:37
    at file:///home/boss/Projects/livai/node_modules/.pnpm/@vitest+runner@4.0.17/node_modules/@vitest/runner/dist/index.js:145:11
    at file:///home/boss/Projects/livai/node_modules/.pnpm/@vitest+runner@4.0.17/node_modules/@vitest/runner/dist/index.js:915:26
    at file:///home/boss/Projects/livai/node_modules/.pnpm/@vitest+runner@4.0.17/node_modules/@vitest/runner/dist/index.js:1243:20
    at new Promise (<anonymous>)
    at runWithTimeout (file:///home/boss/Projects/livai/node_modules/.pnpm/@vitest+runner@4.0.17/node_modules/@vitest/runner/dist/index.js:1209:10)
    at file:///home/boss/Projects/livai/node_modules/.pnpm/@vitest+runner@4.0.17/node_modules/@vitest/runner/dist/index.js:1653:37
    at Traces.$ (file:///home/boss/Projects/livai/node_modules/.pnpm/vitest@4.0.17_@opentelemetry+api@1.9.0_@types+node@25.0.9_jsdom@27.4.0_terser@5.46.0_tsx@4.21.0_yaml@2.8.2/node_modules/vitest/dist/chunks/traces.CCmnQaNT.js:142:27)
    at trace (file:///home/boss/Projects/livai/node_modules/.pnpm/vitest@4.0.17_@opentelemetry+api@1.9.0_@types+node@25.0.9_jsdom@27.4.0_terser@5.46.0_tsx@4.21.0_yaml@2.8.2/node_modules/vitest/dist/chunks/test.B8ej_ZHS.js:239:21)
    at runTest (file:///home/boss/Projects/livai/node_modules/.pnpm/@vitest+runner@4.0.17/node_modules/@vitest/runner/dist/index.js:1653:12)

---

/home/boss/Projects/livai/packages/app/tests/unit/ui/tooltip.test.tsx: –¥–æ–ª–∂–µ–Ω –æ—Ç–ø—Ä–∞–≤–ª—è—Ç—å unmount event –ø—Ä–∏ —Ä–∞–∑–º–æ–Ω—Ç–∏—Ä–æ–≤–∞–Ω–∏–∏
AssertionError: expected "vi.fn()" to be called 3 times, but got 2 times
    at /home/boss/Projects/livai/packages/app/tests/unit/ui/tooltip.test.tsx:135:37
    at file:///home/boss/Projects/livai/node_modules/.pnpm/@vitest+runner@4.0.17/node_modules/@vitest/runner/dist/index.js:145:11
    at file:///home/boss/Projects/livai/node_modules/.pnpm/@vitest+runner@4.0.17/node_modules/@vitest/runner/dist/index.js:915:26
    at file:///home/boss/Projects/livai/node_modules/.pnpm/@vitest+runner@4.0.17/node_modules/@vitest/runner/dist/index.js:1243:20
    at new Promise (<anonymous>)
    at runWithTimeout (file:///home/boss/Projects/livai/node_modules/.pnpm/@vitest+runner@4.0.17/node_modules/@vitest/runner/dist/index.js:1209:10)
    at file:///home/boss/Projects/livai/node_modules/.pnpm/@vitest+runner@4.0.17/node_modules/@vitest/runner/dist/index.js:1653:37
    at Traces.$ (file:///home/boss/Projects/livai/node_modules/.pnpm/vitest@4.0.17_@opentelemetry+api@1.9.0_@types+node@25.0.9_jsdom@27.4.0_terser@5.46.0_tsx@4.21.0_yaml@2.8.2/node_modules/vitest/dist/chunks/traces.CCmnQaNT.js:142:27)
    at trace (file:///home/boss/Projects/livai/node_modules/.pnpm/vitest@4.0.17_@opentelemetry+api@1.9.0_@types+node@25.0.9_jsdom@27.4.0_terser@5.46.0_tsx@4.21.0_yaml@2.8.2/node_modules/vitest/dist/chunks/test.B8ej_ZHS.js:239:21)
    at runTest (file:///home/boss/Projects/livai/node_modules/.pnpm/@vitest+runner@4.0.17/node_modules/@vitest/runner/dist/index.js:1653:12)

---

/home/boss/Projects/livai/packages/app/tests/unit/ui/tooltip.test.tsx: –¥–æ–ª–∂–µ–Ω –æ—Ç–ø—Ä–∞–≤–ª—è—Ç—å hide event –ø—Ä–∏ –∏–∑–º–µ–Ω–µ–Ω–∏–∏ visible –Ω–∞ false
AssertionError: expected "vi.fn()" to be called 2 times, but got 1 times
    at /home/boss/Projects/livai/packages/app/tests/unit/ui/tooltip.test.tsx:171:37
    at file:///home/boss/Projects/livai/node_modules/.pnpm/@vitest+runner@4.0.17/node_modules/@vitest/runner/dist/index.js:145:11
    at file:///home/boss/Projects/livai/node_modules/.pnpm/@vitest+runner@4.0.17/node_modules/@vitest/runner/dist/index.js:915:26
    at file:///home/boss/Projects/livai/node_modules/.pnpm/@vitest+runner@4.0.17/node_modules/@vitest/runner/dist/index.js:1243:20
    at new Promise (<anonymous>)
    at runWithTimeout (file:///home/boss/Projects/livai/node_modules/.pnpm/@vitest+runner@4.0.17/node_modules/@vitest/runner/dist/index.js:1209:10)
    at file:///home/boss/Projects/livai/node_modules/.pnpm/@vitest+runner@4.0.17/node_modules/@vitest/runner/dist/index.js:1653:37
    at Traces.$ (file:///home/boss/Projects/livai/node_modules/.pnpm/vitest@4.0.17_@opentelemetry+api@1.9.0_@types+node@25.0.9_jsdom@27.4.0_terser@5.46.0_tsx@4.21.0_yaml@2.8.2/node_modules/vitest/dist/chunks/traces.CCmnQaNT.js:142:27)
    at trace (file:///home/boss/Projects/livai/node_modules/.pnpm/vitest@4.0.17_@opentelemetry+api@1.9.0_@types+node@25.0.9_jsdom@27.4.0_terser@5.46.0_tsx@4.21.0_yaml@2.8.2/node_modules/vitest/dist/chunks/test.B8ej_ZHS.js:239:21)
    at runTest (file:///home/boss/Projects/livai/node_modules/.pnpm/@vitest+runner@4.0.17/node_modules/@vitest/runner/dist/index.js:1653:12)

---

/home/boss/Projects/livai/packages/app/tests/unit/ui/tooltip.test.tsx: –¥–æ–ª–∂–µ–Ω –æ—Ç–ø—Ä–∞–≤–ª—è—Ç—å telemetry —Ç–æ–ª—å–∫–æ –ø—Ä–∏ telemetryEnabled=true
AssertionError: expected "vi.fn()" to be called 2 times, but got 1 times
    at /home/boss/Projects/livai/packages/app/tests/unit/ui/tooltip.test.tsx:181:37
    at file:///home/boss/Projects/livai/node_modules/.pnpm/@vitest+runner@4.0.17/node_modules/@vitest/runner/dist/index.js:145:11
    at file:///home/boss/Projects/livai/node_modules/.pnpm/@vitest+runner@4.0.17/node_modules/@vitest/runner/dist/index.js:915:26
    at file:///home/boss/Projects/livai/node_modules/.pnpm/@vitest+runner@4.0.17/node_modules/@vitest/runner/dist/index.js:1243:20
    at new Promise (<anonymous>)
    at runWithTimeout (file:///home/boss/Projects/livai/node_modules/.pnpm/@vitest+runner@4.0.17/node_modules/@vitest/runner/dist/index.js:1209:10)
    at file:///home/boss/Projects/livai/node_modules/.pnpm/@vitest+runner@4.0.17/node_modules/@vitest/runner/dist/index.js:1653:37
    at Traces.$ (file:///home/boss/Projects/livai/node_modules/.pnpm/vitest@4.0.17_@opentelemetry+api@1.9.0_@types+node@25.0.9_jsdom@27.4.0_terser@5.46.0_tsx@4.21.0_yaml@2.8.2/node_modules/vitest/dist/chunks/traces.CCmnQaNT.js:142:27)
    at trace (file:///home/boss/Projects/livai/node_modules/.pnpm/vitest@4.0.17_@opentelemetry+api@1.9.0_@types+node@25.0.9_jsdom@27.4.0_terser@5.46.0_tsx@4.21.0_yaml@2.8.2/node_modules/vitest/dist/chunks/test.B8ej_ZHS.js:239:21)
    at runTest (file:///home/boss/Projects/livai/node_modules/.pnpm/@vitest+runner@4.0.17/node_modules/@vitest/runner/dist/index.js:1653:12)

---

/home/boss/Projects/livai/packages/app/tests/unit/ui/tooltip.test.tsx: –¥–æ–ª–∂–µ–Ω –æ—Ç–ø—Ä–∞–≤–ª—è—Ç—å telemetry –ø–æ —É–º–æ–ª—á–∞–Ω–∏—é (telemetryEnabled –Ω–µ —É–∫–∞–∑–∞–Ω)
AssertionError: expected "vi.fn()" to be called 2 times, but got 1 times
    at /home/boss/Projects/livai/packages/app/tests/unit/ui/tooltip.test.tsx:187:37
    at file:///home/boss/Projects/livai/node_modules/.pnpm/@vitest+runner@4.0.17/node_modules/@vitest/runner/dist/index.js:145:11
    at file:///home/boss/Projects/livai/node_modules/.pnpm/@vitest+runner@4.0.17/node_modules/@vitest/runner/dist/index.js:915:26
    at file:///home/boss/Projects/livai/node_modules/.pnpm/@vitest+runner@4.0.17/node_modules/@vitest/runner/dist/index.js:1243:20
    at new Promise (<anonymous>)
    at runWithTimeout (file:///home/boss/Projects/livai/node_modules/.pnpm/@vitest+runner@4.0.17/node_modules/@vitest/runner/dist/index.js:1209:10)
    at file:///home/boss/Projects/livai/node_modules/.pnpm/@vitest+runner@4.0.17/node_modules/@vitest/runner/dist/index.js:1653:37
    at Traces.$ (file:///home/boss/Projects/livai/node_modules/.pnpm/vitest@4.0.17_@opentelemetry+api@1.9.0_@types+node@25.0.9_jsdom@27.4.0_terser@5.46.0_tsx@4.21.0_yaml@2.8.2/node_modules/vitest/dist/chunks/traces.CCmnQaNT.js:142:27)
    at trace (file:///home/boss/Projects/livai/node_modules/.pnpm/vitest@4.0.17_@opentelemetry+api@1.9.0_@types+node@25.0.9_jsdom@27.4.0_terser@5.46.0_tsx@4.21.0_yaml@2.8.2/node_modules/vitest/dist/chunks/test.B8ej_ZHS.js:239:21)
    at runTest (file:///home/boss/Projects/livai/node_modules/.pnpm/@vitest+runner@4.0.17/node_modules/@vitest/runner/dist/index.js:1653:12)

---

/home/boss/Projects/livai/packages/app/tests/unit/ui/tooltip.test.tsx: –¥–æ–ª–∂–µ–Ω –ø–µ—Ä–µ—Ä–µ–Ω–¥–µ—Ä–∏–≤–∞—Ç—å—Å—è –ø—Ä–∏ –∏–∑–º–µ–Ω–µ–Ω–∏–∏ –∑–Ω–∞—á–∏–º—ã—Ö –ø—Ä–æ–ø—Å–æ–≤
AssertionError: expected "vi.fn()" to be called 2 times, but got 1 times
    at /home/boss/Projects/livai/packages/app/tests/unit/ui/tooltip.test.tsx:246:37
    at file:///home/boss/Projects/livai/node_modules/.pnpm/@vitest+runner@4.0.17/node_modules/@vitest/runner/dist/index.js:145:11
    at file:///home/boss/Projects/livai/node_modules/.pnpm/@vitest+runner@4.0.17/node_modules/@vitest/runner/dist/index.js:915:26
    at file:///home/boss/Projects/livai/node_modules/.pnpm/@vitest+runner@4.0.17/node_modules/@vitest/runner/dist/index.js:1243:20
    at new Promise (<anonymous>)
    at runWithTimeout (file:///home/boss/Projects/livai/node_modules/.pnpm/@vitest+runner@4.0.17/node_modules/@vitest/runner/dist/index.js:1209:10)
    at file:///home/boss/Projects/livai/node_modules/.pnpm/@vitest+runner@4.0.17/node_modules/@vitest/runner/dist/index.js:1653:37
    at Traces.$ (file:///home/boss/Projects/livai/node_modules/.pnpm/vitest@4.0.17_@opentelemetry+api@1.9.0_@types+node@25.0.9_jsdom@27.4.0_terser@5.46.0_tsx@4.21.0_yaml@2.8.2/node_modules/vitest/dist/chunks/traces.CCmnQaNT.js:142:27)
    at trace (file:///home/boss/Projects/livai/node_modules/.pnpm/vitest@4.0.17_@opentelemetry+api@1.9.0_@types+node@25.0.9_jsdom@27.4.0_terser@5.46.0_tsx@4.21.0_yaml@2.8.2/node_modules/vitest/dist/chunks/test.B8ej_ZHS.js:239:21)
    at runTest (file:///home/boss/Projects/livai/node_modules/.pnpm/@vitest+runner@4.0.17/node_modules/@vitest/runner/dist/index.js:1653:12)