{
  "numTotalTestSuites": 8,
  "numPassedTestSuites": 8,
  "numFailedTestSuites": 0,
  "numPendingTestSuites": 0,
  "numTotalTests": 28,
  "numPassedTests": 28,
  "numFailedTests": 0,
  "numPendingTests": 0,
  "numTodoTests": 0,
  "snapshot": {
    "added": 0,
    "failure": false,
    "filesAdded": 0,
    "filesRemoved": 0,
    "filesRemovedList": [],
    "filesUnmatched": 0,
    "filesUpdated": 0,
    "matched": 0,
    "total": 0,
    "unchecked": 0,
    "uncheckedKeysByFile": [],
    "unmatched": 0,
    "updated": 0,
    "didUpdate": false
  },
  "startTime": 1768643427901,
  "success": true,
  "testResults": [
    {
      "assertionResults": [
        {
          "ancestorTitles": ["translateZodMessage"],
          "fullName": "translateZodMessage без t возвращает исходное сообщение",
          "status": "passed",
          "title": "без t возвращает исходное сообщение",
          "duration": 0.985779999999977,
          "failureMessages": [],
          "meta": {}
        },
        {
          "ancestorTitles": ["translateZodMessage"],
          "fullName": "translateZodMessage с t возвращает перевод",
          "status": "passed",
          "title": "с t возвращает перевод",
          "duration": 0.14133200000000556,
          "failureMessages": [],
          "meta": {}
        },
        {
          "ancestorTitles": ["translateZodMessage"],
          "fullName": "translateZodMessage fallback на message, если t вернул undefined",
          "status": "passed",
          "title": "fallback на message, если t вернул undefined",
          "duration": 0.08722900000000777,
          "failureMessages": [],
          "meta": {}
        },
        {
          "ancestorTitles": ["buildNestedKey"],
          "fullName": "buildNestedKey без nested возвращает key без изменений",
          "status": "passed",
          "title": "без nested возвращает key без изменений",
          "duration": 0.16207900000000564,
          "failureMessages": [],
          "meta": {}
        },
        {
          "ancestorTitles": ["buildNestedKey"],
          "fullName": "buildNestedKey nested=true добавляет путь для validation.* ключей",
          "status": "passed",
          "title": "nested=true добавляет путь для validation.* ключей",
          "duration": 0.09344799999999509,
          "failureMessages": [],
          "meta": {}
        },
        {
          "ancestorTitles": ["buildNestedKey"],
          "fullName": "buildNestedKey nested=true не добавляет путь если key не проходит shouldNest",
          "status": "passed",
          "title": "nested=true не добавляет путь если key не проходит shouldNest",
          "duration": 0.06414899999998624,
          "failureMessages": [],
          "meta": {}
        },
        {
          "ancestorTitles": ["buildNestedKey"],
          "fullName": "buildNestedKey nested=true, но путь пустой — возвращает key",
          "status": "passed",
          "title": "nested=true, но путь пустой — возвращает key",
          "duration": 0.0631959999999765,
          "failureMessages": [],
          "meta": {}
        },
        {
          "ancestorTitles": ["buildNestedKey"],
          "fullName": "buildNestedKey shouldNest можно переопределить",
          "status": "passed",
          "title": "shouldNest можно переопределить",
          "duration": 0.11129199999999173,
          "failureMessages": [],
          "meta": {}
        },
        {
          "ancestorTitles": ["createZodI18nErrorMap"],
          "fullName": "createZodI18nErrorMap invalid_type + received=\"undefined\" → ValidationKeys.required",
          "status": "passed",
          "title": "invalid_type + received=\"undefined\" → ValidationKeys.required",
          "duration": 0.22383500000000822,
          "failureMessages": [],
          "meta": {}
        },
        {
          "ancestorTitles": ["createZodI18nErrorMap"],
          "fullName": "createZodI18nErrorMap invalid_type + received!=undefined → ValidationKeys.invalidType",
          "status": "passed",
          "title": "invalid_type + received!=undefined → ValidationKeys.invalidType",
          "duration": 0.07995700000000738,
          "failureMessages": [],
          "meta": {}
        },
        {
          "ancestorTitles": ["createZodI18nErrorMap"],
          "fullName": "createZodI18nErrorMap too_small/too_big для string/number/array маппятся на ValidationKeys.*",
          "status": "passed",
          "title": "too_small/too_big для string/number/array маппятся на ValidationKeys.*",
          "duration": 0.15988799999999515,
          "failureMessages": [],
          "meta": {}
        },
        {
          "ancestorTitles": ["createZodI18nErrorMap"],
          "fullName": "createZodI18nErrorMap extra codes: invalid_enum/custom/invalid_union/invalid_literal/unrecognized_keys",
          "status": "passed",
          "title": "extra codes: invalid_enum/custom/invalid_union/invalid_literal/unrecognized_keys",
          "duration": 0.18149999999999977,
          "failureMessages": [],
          "meta": {}
        },
        {
          "ancestorTitles": ["createZodI18nErrorMap"],
          "fullName": "createZodI18nErrorMap fallback: если маппинг не сработал, возвращает ctx.defaultError",
          "status": "passed",
          "title": "fallback: если маппинг не сработал, возвращает ctx.defaultError",
          "duration": 0.06650999999999385,
          "failureMessages": [],
          "meta": {}
        },
        {
          "ancestorTitles": ["createZodI18nErrorMap"],
          "fullName": "createZodI18nErrorMap nested=true добавляет путь к validation.* ключам",
          "status": "passed",
          "title": "nested=true добавляет путь к validation.* ключам",
          "duration": 0.12218699999999671,
          "failureMessages": [],
          "meta": {}
        }
      ],
      "startTime": 1768643428206,
      "endTime": 1768643428209.1814,
      "status": "passed",
      "message": "",
      "name": "/home/boss/Projects/livai/packages/ui-shared/tests/unit/validation/zod.test.ts"
    },
    {
      "assertionResults": [
        {
          "ancestorTitles": ["translateZodMessage"],
          "fullName": "translateZodMessage без t возвращает исходное сообщение",
          "status": "passed",
          "title": "без t возвращает исходное сообщение",
          "duration": 0.9728070000000031,
          "failureMessages": [],
          "meta": {}
        },
        {
          "ancestorTitles": ["translateZodMessage"],
          "fullName": "translateZodMessage с t возвращает перевод",
          "status": "passed",
          "title": "с t возвращает перевод",
          "duration": 0.14151700000000744,
          "failureMessages": [],
          "meta": {}
        },
        {
          "ancestorTitles": ["translateZodMessage"],
          "fullName": "translateZodMessage fallback на message, если t вернул undefined",
          "status": "passed",
          "title": "fallback на message, если t вернул undefined",
          "duration": 0.09875499999999704,
          "failureMessages": [],
          "meta": {}
        },
        {
          "ancestorTitles": ["buildNestedKey"],
          "fullName": "buildNestedKey без nested возвращает key без изменений",
          "status": "passed",
          "title": "без nested возвращает key без изменений",
          "duration": 0.15521300000000338,
          "failureMessages": [],
          "meta": {}
        },
        {
          "ancestorTitles": ["buildNestedKey"],
          "fullName": "buildNestedKey nested=true добавляет путь для validation.* ключей",
          "status": "passed",
          "title": "nested=true добавляет путь для validation.* ключей",
          "duration": 0.09428699999999424,
          "failureMessages": [],
          "meta": {}
        },
        {
          "ancestorTitles": ["buildNestedKey"],
          "fullName": "buildNestedKey nested=true не добавляет путь если key не проходит shouldNest",
          "status": "passed",
          "title": "nested=true не добавляет путь если key не проходит shouldNest",
          "duration": 0.06464800000000537,
          "failureMessages": [],
          "meta": {}
        },
        {
          "ancestorTitles": ["buildNestedKey"],
          "fullName": "buildNestedKey nested=true, но путь пустой — возвращает key",
          "status": "passed",
          "title": "nested=true, но путь пустой — возвращает key",
          "duration": 0.06383199999999078,
          "failureMessages": [],
          "meta": {}
        },
        {
          "ancestorTitles": ["buildNestedKey"],
          "fullName": "buildNestedKey shouldNest можно переопределить",
          "status": "passed",
          "title": "shouldNest можно переопределить",
          "duration": 0.12052099999999655,
          "failureMessages": [],
          "meta": {}
        },
        {
          "ancestorTitles": ["createZodI18nErrorMap"],
          "fullName": "createZodI18nErrorMap invalid_type + received=\"undefined\" → ValidationKeys.required",
          "status": "passed",
          "title": "invalid_type + received=\"undefined\" → ValidationKeys.required",
          "duration": 0.26293199999999217,
          "failureMessages": [],
          "meta": {}
        },
        {
          "ancestorTitles": ["createZodI18nErrorMap"],
          "fullName": "createZodI18nErrorMap invalid_type + received!=undefined → ValidationKeys.invalidType",
          "status": "passed",
          "title": "invalid_type + received!=undefined → ValidationKeys.invalidType",
          "duration": 0.13102100000000405,
          "failureMessages": [],
          "meta": {}
        },
        {
          "ancestorTitles": ["createZodI18nErrorMap"],
          "fullName": "createZodI18nErrorMap too_small/too_big для string/number/array маппятся на ValidationKeys.*",
          "status": "passed",
          "title": "too_small/too_big для string/number/array маппятся на ValidationKeys.*",
          "duration": 0.2674820000000011,
          "failureMessages": [],
          "meta": {}
        },
        {
          "ancestorTitles": ["createZodI18nErrorMap"],
          "fullName": "createZodI18nErrorMap extra codes: invalid_enum/custom/invalid_union/invalid_literal/unrecognized_keys",
          "status": "passed",
          "title": "extra codes: invalid_enum/custom/invalid_union/invalid_literal/unrecognized_keys",
          "duration": 0.2640910000000076,
          "failureMessages": [],
          "meta": {}
        },
        {
          "ancestorTitles": ["createZodI18nErrorMap"],
          "fullName": "createZodI18nErrorMap fallback: если маппинг не сработал, возвращает ctx.defaultError",
          "status": "passed",
          "title": "fallback: если маппинг не сработал, возвращает ctx.defaultError",
          "duration": 0.12088299999999208,
          "failureMessages": [],
          "meta": {}
        },
        {
          "ancestorTitles": ["createZodI18nErrorMap"],
          "fullName": "createZodI18nErrorMap nested=true добавляет путь к validation.* ключам",
          "status": "passed",
          "title": "nested=true добавляет путь к validation.* ключам",
          "duration": 0.192939999999993,
          "failureMessages": [],
          "meta": {}
        }
      ],
      "startTime": 1768643428207,
      "endTime": 1768643428210.1929,
      "status": "passed",
      "message": "",
      "name": "/home/boss/Projects/livai/.pnpm-store/v10/projects/596d64c85a068581492ca389254eddaa/packages/ui-shared/tests/unit/validation/zod.test.ts"
    }
  ],
  "coverageMap": {
    "/home/boss/Projects/livai/packages/ui-shared/src/validation/zod.ts": {
      "path": "/home/boss/Projects/livai/packages/ui-shared/src/validation/zod.ts",
      "statementMap": {
        "0": { "start": { "line": 14, "column": 30 }, "end": { "line": 37, "column": null } },
        "1": { "start": { "line": 55, "column": 2 }, "end": { "line": 55, "column": null } },
        "2": { "start": { "line": 55, "column": 10 }, "end": { "line": 55, "column": null } },
        "3": { "start": { "line": 56, "column": 2 }, "end": { "line": 56, "column": null } },
        "4": { "start": { "line": 79, "column": 21 }, "end": { "line": 79, "column": null } },
        "5": { "start": { "line": 79, "column": 68 }, "end": { "line": 79, "column": null } },
        "6": { "start": { "line": 80, "column": 2 }, "end": { "line": 83, "column": null } },
        "7": { "start": { "line": 81, "column": 20 }, "end": { "line": 81, "column": null } },
        "8": { "start": { "line": 81, "column": 42 }, "end": { "line": 81, "column": 57 } },
        "9": { "start": { "line": 82, "column": 4 }, "end": { "line": 82, "column": null } },
        "10": { "start": { "line": 84, "column": 2 }, "end": { "line": 84, "column": null } },
        "11": { "start": { "line": 100, "column": 62 }, "end": { "line": 113, "column": null } },
        "12": { "start": { "line": 116, "column": 45 }, "end": { "line": 122, "column": null } },
        "13": { "start": { "line": 124, "column": 2 }, "end": { "line": 167, "column": null } },
        "14": { "start": { "line": 125, "column": 14 }, "end": { "line": 125, "column": null } },
        "15": { "start": { "line": 136, "column": 18 }, "end": { "line": 136, "column": null } },
        "16": { "start": { "line": 139, "column": 4 }, "end": { "line": 160, "column": null } },
        "17": { "start": { "line": 141, "column": 6 }, "end": { "line": 146, "column": null } },
        "18": { "start": { "line": 142, "column": 8 }, "end": { "line": 142, "column": null } },
        "19": { "start": { "line": 145, "column": 8 }, "end": { "line": 145, "column": null } },
        "20": { "start": { "line": 147, "column": 4 }, "end": { "line": 160, "column": null } },
        "21": { "start": { "line": 149, "column": 22 }, "end": { "line": 149, "column": null } },
        "22": { "start": { "line": 150, "column": 18 }, "end": { "line": 150, "column": null } },
        "23": { "start": { "line": 151, "column": 6 }, "end": { "line": 153, "column": null } },
        "24": { "start": { "line": 152, "column": 8 }, "end": { "line": 152, "column": null } },
        "25": { "start": { "line": 154, "column": 4 }, "end": { "line": 160, "column": null } },
        "26": { "start": { "line": 156, "column": 23 }, "end": { "line": 156, "column": null } },
        "27": { "start": { "line": 157, "column": 6 }, "end": { "line": 159, "column": null } },
        "28": { "start": { "line": 158, "column": 8 }, "end": { "line": 158, "column": null } },
        "29": { "start": { "line": 164, "column": 4 }, "end": { "line": 164, "column": null } },
        "30": { "start": { "line": 166, "column": 4 }, "end": { "line": 166, "column": null } }
      },
      "fnMap": {
        "0": {
          "name": "translateZodMessage",
          "decl": { "start": { "line": 54, "column": 16 }, "end": { "line": 54, "column": 36 } },
          "loc": { "start": { "line": 54, "column": 76 }, "end": { "line": 57, "column": null } },
          "line": 54
        },
        "1": {
          "name": "buildNestedKey",
          "decl": { "start": { "line": 71, "column": 16 }, "end": { "line": 71, "column": null } },
          "loc": { "start": { "line": 78, "column": 10 }, "end": { "line": 85, "column": null } },
          "line": 78
        },
        "2": {
          "name": "(anonymous_2)",
          "decl": { "start": { "line": 79, "column": 44 }, "end": { "line": 79, "column": 45 } },
          "loc": { "start": { "line": 79, "column": 68 }, "end": { "line": 79, "column": null } },
          "line": 79
        },
        "3": {
          "name": "(anonymous_3)",
          "decl": { "start": { "line": 81, "column": 29 }, "end": { "line": 81, "column": 30 } },
          "loc": { "start": { "line": 81, "column": 42 }, "end": { "line": 81, "column": 57 } },
          "line": 81
        },
        "4": {
          "name": "createZodI18nErrorMap",
          "decl": { "start": { "line": 98, "column": 16 }, "end": { "line": 98, "column": 38 } },
          "loc": { "start": { "line": 98, "column": 92 }, "end": { "line": 168, "column": null } },
          "line": 98
        },
        "5": {
          "name": "(anonymous_5)",
          "decl": { "start": { "line": 124, "column": 9 }, "end": { "line": 124, "column": 10 } },
          "loc": { "start": { "line": 124, "column": 61 }, "end": { "line": 167, "column": null } },
          "line": 124
        }
      },
      "branchMap": {
        "0": {
          "loc": { "start": { "line": 55, "column": 2 }, "end": { "line": 55, "column": null } },
          "type": "if",
          "locations": [
            { "start": { "line": 55, "column": 2 }, "end": { "line": 55, "column": null } },
            { "start": {}, "end": {} }
          ],
          "line": 55
        },
        "1": {
          "loc": { "start": { "line": 56, "column": 9 }, "end": { "line": 56, "column": null } },
          "type": "binary-expr",
          "locations": [
            { "start": { "line": 56, "column": 9 }, "end": { "line": 56, "column": 23 } },
            { "start": { "line": 56, "column": 23 }, "end": { "line": 56, "column": null } }
          ],
          "line": 56
        },
        "2": {
          "loc": { "start": { "line": 74, "column": 2 }, "end": { "line": 77, "column": null } },
          "type": "default-arg",
          "locations": [{ "start": { "line": 77, "column": 6 }, "end": { "line": 77, "column": null } }],
          "line": 74
        },
        "3": {
          "loc": { "start": { "line": 79, "column": 21 }, "end": { "line": 79, "column": null } },
          "type": "binary-expr",
          "locations": [
            { "start": { "line": 79, "column": 21 }, "end": { "line": 79, "column": 44 } },
            { "start": { "line": 79, "column": 44 }, "end": { "line": 79, "column": null } }
          ],
          "line": 79
        },
        "4": {
          "loc": { "start": { "line": 80, "column": 2 }, "end": { "line": 83, "column": null } },
          "type": "if",
          "locations": [
            { "start": { "line": 80, "column": 2 }, "end": { "line": 83, "column": null } },
            { "start": {}, "end": {} }
          ],
          "line": 80
        },
        "5": {
          "loc": { "start": { "line": 80, "column": 6 }, "end": { "line": 80, "column": 92 } },
          "type": "binary-expr",
          "locations": [
            { "start": { "line": 80, "column": 6 }, "end": { "line": 80, "column": 33 } },
            { "start": { "line": 80, "column": 33 }, "end": { "line": 80, "column": 56 } },
            { "start": { "line": 80, "column": 56 }, "end": { "line": 80, "column": 75 } },
            { "start": { "line": 80, "column": 75 }, "end": { "line": 80, "column": 92 } }
          ],
          "line": 80
        },
        "6": {
          "loc": { "start": { "line": 82, "column": 11 }, "end": { "line": 82, "column": null } },
          "type": "cond-expr",
          "locations": [
            { "start": { "line": 82, "column": 21 }, "end": { "line": 82, "column": 43 } },
            { "start": { "line": 82, "column": 43 }, "end": { "line": 82, "column": null } }
          ],
          "line": 82
        },
        "7": {
          "loc": { "start": { "line": 98, "column": 38 }, "end": { "line": 98, "column": 92 } },
          "type": "default-arg",
          "locations": [{ "start": { "line": 98, "column": 71 }, "end": { "line": 98, "column": 92 } }],
          "line": 98
        },
        "8": {
          "loc": { "start": { "line": 139, "column": 4 }, "end": { "line": 160, "column": null } },
          "type": "if",
          "locations": [
            { "start": { "line": 139, "column": 4 }, "end": { "line": 160, "column": null } },
            { "start": { "line": 147, "column": 4 }, "end": { "line": 160, "column": null } }
          ],
          "line": 139
        },
        "9": {
          "loc": { "start": { "line": 141, "column": 6 }, "end": { "line": 146, "column": null } },
          "type": "if",
          "locations": [
            { "start": { "line": 141, "column": 6 }, "end": { "line": 146, "column": null } },
            { "start": { "line": 143, "column": 13 }, "end": { "line": 146, "column": null } }
          ],
          "line": 141
        },
        "10": {
          "loc": { "start": { "line": 147, "column": 4 }, "end": { "line": 160, "column": null } },
          "type": "if",
          "locations": [
            { "start": { "line": 147, "column": 4 }, "end": { "line": 160, "column": null } },
            { "start": { "line": 154, "column": 4 }, "end": { "line": 160, "column": null } }
          ],
          "line": 147
        },
        "11": {
          "loc": { "start": { "line": 148, "column": 13 }, "end": { "line": 148, "column": 71 } },
          "type": "binary-expr",
          "locations": [
            { "start": { "line": 148, "column": 13 }, "end": { "line": 148, "column": 43 } },
            { "start": { "line": 148, "column": 43 }, "end": { "line": 148, "column": 71 } }
          ],
          "line": 148
        },
        "12": {
          "loc": { "start": { "line": 151, "column": 6 }, "end": { "line": 153, "column": null } },
          "type": "if",
          "locations": [
            { "start": { "line": 151, "column": 6 }, "end": { "line": 153, "column": null } },
            { "start": {}, "end": {} }
          ],
          "line": 151
        },
        "13": {
          "loc": { "start": { "line": 154, "column": 4 }, "end": { "line": 160, "column": null } },
          "type": "if",
          "locations": [
            { "start": { "line": 154, "column": 4 }, "end": { "line": 160, "column": null } },
            { "start": {}, "end": {} }
          ],
          "line": 154
        },
        "14": {
          "loc": { "start": { "line": 157, "column": 6 }, "end": { "line": 159, "column": null } },
          "type": "if",
          "locations": [
            { "start": { "line": 157, "column": 6 }, "end": { "line": 159, "column": null } },
            { "start": {}, "end": {} }
          ],
          "line": 157
        },
        "15": {
          "loc": { "start": { "line": 164, "column": 29 }, "end": { "line": 164, "column": 43 } },
          "type": "binary-expr",
          "locations": [
            { "start": { "line": 164, "column": 29 }, "end": { "line": 164, "column": 39 } },
            { "start": { "line": 164, "column": 39 }, "end": { "line": 164, "column": 43 } }
          ],
          "line": 164
        }
      },
      "s": {
        "0": 2,
        "1": 6,
        "2": 2,
        "3": 4,
        "4": 46,
        "5": 10,
        "6": 46,
        "7": 8,
        "8": 14,
        "9": 8,
        "10": 38,
        "11": 12,
        "12": 12,
        "13": 12,
        "14": 34,
        "15": 34,
        "16": 34,
        "17": 6,
        "18": 4,
        "19": 2,
        "20": 28,
        "21": 14,
        "22": 14,
        "23": 14,
        "24": 12,
        "25": 14,
        "26": 14,
        "27": 14,
        "28": 12,
        "29": 34,
        "30": 34
      },
      "f": { "0": 6, "1": 46, "2": 10, "3": 14, "4": 12, "5": 34 },
      "b": {
        "0": [2, 4],
        "1": [4, 2],
        "2": [46],
        "3": [46, 10],
        "4": [8, 38],
        "5": [46, 16, 16, 14],
        "6": [8, 0],
        "7": [12],
        "8": [6, 28],
        "9": [4, 2],
        "10": [14, 14],
        "11": [28, 14],
        "12": [12, 2],
        "13": [14, 0],
        "14": [12, 2],
        "15": [34, 28]
      },
      "meta": {
        "lastBranch": 16,
        "lastFunction": 6,
        "lastStatement": 31,
        "seen": {
          "s:14:30:37:Infinity": 0,
          "f:54:16:54:36": 0,
          "b:55:2:55:Infinity:undefined:undefined:undefined:undefined": 0,
          "s:55:2:55:Infinity": 1,
          "s:55:10:55:Infinity": 2,
          "s:56:2:56:Infinity": 3,
          "b:56:9:56:23:56:23:56:Infinity": 1,
          "f:71:16:71:Infinity": 1,
          "b:77:6:77:Infinity": 2,
          "s:79:21:79:Infinity": 4,
          "b:79:21:79:44:79:44:79:Infinity": 3,
          "f:79:44:79:45": 2,
          "s:79:68:79:Infinity": 5,
          "b:80:2:83:Infinity:undefined:undefined:undefined:undefined": 4,
          "s:80:2:83:Infinity": 6,
          "b:80:6:80:33:80:33:80:56:80:56:80:75:80:75:80:92": 5,
          "s:81:20:81:Infinity": 7,
          "f:81:29:81:30": 3,
          "s:81:42:81:57": 8,
          "s:82:4:82:Infinity": 9,
          "b:82:21:82:43:82:43:82:Infinity": 6,
          "s:84:2:84:Infinity": 10,
          "f:98:16:98:38": 4,
          "b:98:71:98:92": 7,
          "s:100:62:113:Infinity": 11,
          "s:116:45:122:Infinity": 12,
          "s:124:2:167:Infinity": 13,
          "f:124:9:124:10": 5,
          "s:125:14:125:Infinity": 14,
          "s:136:18:136:Infinity": 15,
          "b:139:4:160:Infinity:147:4:160:Infinity": 8,
          "s:139:4:160:Infinity": 16,
          "b:141:6:146:Infinity:143:13:146:Infinity": 9,
          "s:141:6:146:Infinity": 17,
          "s:142:8:142:Infinity": 18,
          "s:145:8:145:Infinity": 19,
          "b:147:4:160:Infinity:154:4:160:Infinity": 10,
          "s:147:4:160:Infinity": 20,
          "b:148:13:148:43:148:43:148:71": 11,
          "s:149:22:149:Infinity": 21,
          "s:150:18:150:Infinity": 22,
          "b:151:6:153:Infinity:undefined:undefined:undefined:undefined": 12,
          "s:151:6:153:Infinity": 23,
          "s:152:8:152:Infinity": 24,
          "b:154:4:160:Infinity:undefined:undefined:undefined:undefined": 13,
          "s:154:4:160:Infinity": 25,
          "s:156:23:156:Infinity": 26,
          "b:157:6:159:Infinity:undefined:undefined:undefined:undefined": 14,
          "s:157:6:159:Infinity": 27,
          "s:158:8:158:Infinity": 28,
          "s:164:4:164:Infinity": 29,
          "b:164:29:164:39:164:39:164:43": 15,
          "s:166:4:166:Infinity": 30
        }
      }
    }
  }
}
