{"meta": {"format": 3, "version": "7.13.1", "timestamp": "2026-01-12T10:04:32.520360", "branch_coverage": false, "show_contexts": false}, "files": {"bots_src/__init__.py": {"executed_lines": [], "summary": {"covered_lines": 0, "num_statements": 0, "percent_covered": 100.0, "percent_covered_display": "100", "missing_lines": 0, "excluded_lines": 0, "percent_statements_covered": 100.0, "percent_statements_covered_display": "100"}, "missing_lines": [], "excluded_lines": [], "functions": {"": {"executed_lines": [], "summary": {"covered_lines": 0, "num_statements": 0, "percent_covered": 100.0, "percent_covered_display": "100", "missing_lines": 0, "excluded_lines": 0, "percent_statements_covered": 100.0, "percent_statements_covered_display": "100"}, "missing_lines": [], "excluded_lines": [], "start_line": 1}}, "classes": {"": {"executed_lines": [], "summary": {"covered_lines": 0, "num_statements": 0, "percent_covered": 100.0, "percent_covered_display": "100", "missing_lines": 0, "excluded_lines": 0, "percent_statements_covered": 100.0, "percent_statements_covered_display": "100"}, "missing_lines": [], "excluded_lines": [], "start_line": 1}}}, "bots_src/adapters/db/__init__.py": {"executed_lines": [1, 2, 4], "summary": {"covered_lines": 3, "num_statements": 3, "percent_covered": 100.0, "percent_covered_display": "100", "missing_lines": 0, "excluded_lines": 0, "percent_statements_covered": 100.0, "percent_statements_covered_display": "100"}, "missing_lines": [], "excluded_lines": [], "functions": {"": {"executed_lines": [1, 2, 4], "summary": {"covered_lines": 3, "num_statements": 3, "percent_covered": 100.0, "percent_covered_display": "100", "missing_lines": 0, "excluded_lines": 0, "percent_statements_covered": 100.0, "percent_statements_covered_display": "100"}, "missing_lines": [], "excluded_lines": [], "start_line": 1}}, "classes": {"": {"executed_lines": [1, 2, 4], "summary": {"covered_lines": 3, "num_statements": 3, "percent_covered": 100.0, "percent_covered_display": "100", "missing_lines": 0, "excluded_lines": 0, "percent_statements_covered": 100.0, "percent_statements_covered_display": "100"}, "missing_lines": [], "excluded_lines": [], "start_line": 1}}}, "bots_src/adapters/db/audit.py": {"executed_lines": [1, 3, 4, 5, 7, 8, 9, 11, 14, 20, 22, 25, 28, 31, 34, 35, 36, 39, 40, 44], "summary": {"covered_lines": 20, "num_statements": 20, "percent_covered": 100.0, "percent_covered_display": "100", "missing_lines": 0, "excluded_lines": 0, "percent_statements_covered": 100.0, "percent_statements_covered_display": "100"}, "missing_lines": [], "excluded_lines": [], "functions": {"": {"executed_lines": [1, 3, 4, 5, 7, 8, 9, 11, 14, 20, 22, 25, 28, 31, 34, 35, 36, 39, 40, 44], "summary": {"covered_lines": 20, "num_statements": 20, "percent_covered": 100.0, "percent_covered_display": "100", "missing_lines": 0, "excluded_lines": 0, "percent_statements_covered": 100.0, "percent_statements_covered_display": "100"}, "missing_lines": [], "excluded_lines": [], "start_line": 1}}, "classes": {"AuditLog": {"executed_lines": [], "summary": {"covered_lines": 0, "num_statements": 0, "percent_covered": 100.0, "percent_covered_display": "100", "missing_lines": 0, "excluded_lines": 0, "percent_statements_covered": 100.0, "percent_statements_covered_display": "100"}, "missing_lines": [], "excluded_lines": [], "start_line": 14}, "": {"executed_lines": [1, 3, 4, 5, 7, 8, 9, 11, 14, 20, 22, 25, 28, 31, 34, 35, 36, 39, 40, 44], "summary": {"covered_lines": 20, "num_statements": 20, "percent_covered": 100.0, "percent_covered_display": "100", "missing_lines": 0, "excluded_lines": 0, "percent_statements_covered": 100.0, "percent_statements_covered_display": "100"}, "missing_lines": [], "excluded_lines": [], "start_line": 1}}}, "bots_src/adapters/db/base.py": {"executed_lines": [1, 3, 6], "summary": {"covered_lines": 3, "num_statements": 3, "percent_covered": 100.0, "percent_covered_display": "100", "missing_lines": 0, "excluded_lines": 0, "percent_statements_covered": 100.0, "percent_statements_covered_display": "100"}, "missing_lines": [], "excluded_lines": [], "functions": {"": {"executed_lines": [1, 3, 6], "summary": {"covered_lines": 3, "num_statements": 3, "percent_covered": 100.0, "percent_covered_display": "100", "missing_lines": 0, "excluded_lines": 0, "percent_statements_covered": 100.0, "percent_statements_covered_display": "100"}, "missing_lines": [], "excluded_lines": [], "start_line": 1}}, "classes": {"Base": {"executed_lines": [], "summary": {"covered_lines": 0, "num_statements": 0, "percent_covered": 100.0, "percent_covered_display": "100", "missing_lines": 0, "excluded_lines": 0, "percent_statements_covered": 100.0, "percent_statements_covered_display": "100"}, "missing_lines": [], "excluded_lines": [], "start_line": 6}, "": {"executed_lines": [1, 3, 6], "summary": {"covered_lines": 3, "num_statements": 3, "percent_covered": 100.0, "percent_covered_display": "100", "missing_lines": 0, "excluded_lines": 0, "percent_statements_covered": 100.0, "percent_statements_covered_display": "100"}, "missing_lines": [], "excluded_lines": [], "start_line": 1}}}, "bots_src/adapters/db/models.py": {"executed_lines": [1, 3, 4, 6, 7, 8, 10, 13, 16, 18, 21, 24, 25, 29, 32, 36, 39, 42, 44, 47, 50, 54, 55, 56, 58, 62, 66, 78], "summary": {"covered_lines": 28, "num_statements": 28, "percent_covered": 100.0, "percent_covered_display": "100", "missing_lines": 0, "excluded_lines": 0, "percent_statements_covered": 100.0, "percent_statements_covered_display": "100"}, "missing_lines": [], "excluded_lines": [], "functions": {"": {"executed_lines": [1, 3, 4, 6, 7, 8, 10, 13, 16, 18, 21, 24, 25, 29, 32, 36, 39, 42, 44, 47, 50, 54, 55, 56, 58, 62, 66, 78], "summary": {"covered_lines": 28, "num_statements": 28, "percent_covered": 100.0, "percent_covered_display": "100", "missing_lines": 0, "excluded_lines": 0, "percent_statements_covered": 100.0, "percent_statements_covered_display": "100"}, "missing_lines": [], "excluded_lines": [], "start_line": 1}}, "classes": {"Bot": {"executed_lines": [], "summary": {"covered_lines": 0, "num_statements": 0, "percent_covered": 100.0, "percent_covered_display": "100", "missing_lines": 0, "excluded_lines": 0, "percent_statements_covered": 100.0, "percent_statements_covered_display": "100"}, "missing_lines": [], "excluded_lines": [], "start_line": 13}, "BotVersion": {"executed_lines": [], "summary": {"covered_lines": 0, "num_statements": 0, "percent_covered": 100.0, "percent_covered_display": "100", "missing_lines": 0, "excluded_lines": 0, "percent_statements_covered": 100.0, "percent_statements_covered_display": "100"}, "missing_lines": [], "excluded_lines": [], "start_line": 39}, "": {"executed_lines": [1, 3, 4, 6, 7, 8, 10, 13, 16, 18, 21, 24, 25, 29, 32, 36, 39, 42, 44, 47, 50, 54, 55, 56, 58, 62, 66, 78], "summary": {"covered_lines": 28, "num_statements": 28, "percent_covered": 100.0, "percent_covered_display": "100", "missing_lines": 0, "excluded_lines": 0, "percent_statements_covered": 100.0, "percent_statements_covered_display": "100"}, "missing_lines": [], "excluded_lines": [], "start_line": 1}}}, "bots_src/adapters/db/session.py": {"executed_lines": [1, 3, 5, 6, 8, 11, 12, 15, 16, 17, 20], "summary": {"covered_lines": 11, "num_statements": 14, "percent_covered": 78.57142857142857, "percent_covered_display": "79", "missing_lines": 3, "excluded_lines": 0, "percent_statements_covered": 78.57142857142857, "percent_statements_covered_display": "79"}, "missing_lines": [21, 22, 23], "excluded_lines": [], "functions": {"create_engine": {"executed_lines": [12], "summary": {"covered_lines": 1, "num_statements": 1, "percent_covered": 100.0, "percent_covered_display": "100", "missing_lines": 0, "excluded_lines": 0, "percent_statements_covered": 100.0, "percent_statements_covered_display": "100"}, "missing_lines": [], "excluded_lines": [], "start_line": 11}, "create_sessionmaker": {"executed_lines": [16, 17], "summary": {"covered_lines": 2, "num_statements": 2, "percent_covered": 100.0, "percent_covered_display": "100", "missing_lines": 0, "excluded_lines": 0, "percent_statements_covered": 100.0, "percent_statements_covered_display": "100"}, "missing_lines": [], "excluded_lines": [], "start_line": 15}, "get_db_session": {"executed_lines": [], "summary": {"covered_lines": 0, "num_statements": 3, "percent_covered": 0.0, "percent_covered_display": "0", "missing_lines": 3, "excluded_lines": 0, "percent_statements_covered": 0.0, "percent_statements_covered_display": "0"}, "missing_lines": [21, 22, 23], "excluded_lines": [], "start_line": 20}, "": {"executed_lines": [1, 3, 5, 6, 8, 11, 15, 20], "summary": {"covered_lines": 8, "num_statements": 8, "percent_covered": 100.0, "percent_covered_display": "100", "missing_lines": 0, "excluded_lines": 0, "percent_statements_covered": 100.0, "percent_statements_covered_display": "100"}, "missing_lines": [], "excluded_lines": [], "start_line": 1}}, "classes": {"": {"executed_lines": [1, 3, 5, 6, 8, 11, 12, 15, 16, 17, 20], "summary": {"covered_lines": 11, "num_statements": 14, "percent_covered": 78.57142857142857, "percent_covered_display": "79", "missing_lines": 3, "excluded_lines": 0, "percent_statements_covered": 78.57142857142857, "percent_statements_covered_display": "79"}, "missing_lines": [21, 22, 23], "excluded_lines": [], "start_line": 1}}}, "bots_src/config/settings.py": {"executed_lines": [1, 3, 4, 7, 10, 12, 14], "summary": {"covered_lines": 7, "num_statements": 7, "percent_covered": 100.0, "percent_covered_display": "100", "missing_lines": 0, "excluded_lines": 0, "percent_statements_covered": 100.0, "percent_statements_covered_display": "100"}, "missing_lines": [], "excluded_lines": [], "functions": {"": {"executed_lines": [1, 3, 4, 7, 10, 12, 14], "summary": {"covered_lines": 7, "num_statements": 7, "percent_covered": 100.0, "percent_covered_display": "100", "missing_lines": 0, "excluded_lines": 0, "percent_statements_covered": 100.0, "percent_statements_covered_display": "100"}, "missing_lines": [], "excluded_lines": [], "start_line": 1}}, "classes": {"Settings": {"executed_lines": [], "summary": {"covered_lines": 0, "num_statements": 0, "percent_covered": 100.0, "percent_covered_display": "100", "missing_lines": 0, "excluded_lines": 0, "percent_statements_covered": 100.0, "percent_statements_covered_display": "100"}, "missing_lines": [], "excluded_lines": [], "start_line": 7}, "": {"executed_lines": [1, 3, 4, 7, 10, 12, 14], "summary": {"covered_lines": 7, "num_statements": 7, "percent_covered": 100.0, "percent_covered_display": "100", "missing_lines": 0, "excluded_lines": 0, "percent_statements_covered": 100.0, "percent_statements_covered_display": "100"}, "missing_lines": [], "excluded_lines": [], "start_line": 1}}}, "bots_src/entrypoints/http/routes_bots.py": {"executed_lines": [1, 3, 4, 6, 7, 8, 9, 10, 12, 13, 14, 16, 19, 20, 21, 22, 25, 26, 27, 28, 29, 30, 31, 34, 35, 38, 39, 40, 43, 44, 79, 80, 159, 160, 196, 197, 285, 296], "summary": {"covered_lines": 38, "num_statements": 95, "percent_covered": 40.0, "percent_covered_display": "40", "missing_lines": 57, "excluded_lines": 0, "percent_statements_covered": 40.0, "percent_statements_covered_display": "40"}, "missing_lines": [48, 51, 57, 63, 64, 65, 66, 76, 86, 88, 89, 90, 98, 99, 107, 116, 122, 123, 125, 126, 135, 136, 147, 149, 165, 167, 172, 173, 178, 186, 205, 206, 208, 213, 214, 219, 220, 229, 230, 239, 246, 248, 249, 258, 259, 273, 275, 286, 287, 289, 293, 297, 298, 299, 300, 301, 302], "excluded_lines": [], "functions": {"list_bots": {"executed_lines": [], "summary": {"covered_lines": 0, "num_statements": 8, "percent_covered": 0.0, "percent_covered_display": "0", "missing_lines": 8, "excluded_lines": 0, "percent_statements_covered": 0.0, "percent_statements_covered_display": "0"}, "missing_lines": [48, 51, 57, 63, 64, 65, 66, 76], "excluded_lines": [], "start_line": 44}, "create_bot": {"executed_lines": [], "summary": {"covered_lines": 0, "num_statements": 16, "percent_covered": 0.0, "percent_covered_display": "0", "missing_lines": 16, "excluded_lines": 0, "percent_statements_covered": 0.0, "percent_statements_covered_display": "0"}, "missing_lines": [86, 88, 89, 90, 98, 99, 107, 116, 122, 123, 125, 126, 135, 136, 147, 149], "excluded_lines": [], "start_line": 80}, "get_bot": {"executed_lines": [], "summary": {"covered_lines": 0, "num_statements": 6, "percent_covered": 0.0, "percent_covered_display": "0", "missing_lines": 6, "excluded_lines": 0, "percent_statements_covered": 0.0, "percent_statements_covered_display": "0"}, "missing_lines": [165, 167, 172, 173, 178, 186], "excluded_lines": [], "start_line": 160}, "update_instruction": {"executed_lines": [], "summary": {"covered_lines": 0, "num_statements": 17, "percent_covered": 0.0, "percent_covered_display": "0", "missing_lines": 17, "excluded_lines": 0, "percent_statements_covered": 0.0, "percent_statements_covered_display": "0"}, "missing_lines": [205, 206, 208, 213, 214, 219, 220, 229, 230, 239, 246, 248, 249, 258, 259, 273, 275], "excluded_lines": [], "start_line": 197}, "_require_workspace_id": {"executed_lines": [], "summary": {"covered_lines": 0, "num_statements": 4, "percent_covered": 0.0, "percent_covered_display": "0", "missing_lines": 4, "excluded_lines": 0, "percent_statements_covered": 0.0, "percent_statements_covered_display": "0"}, "missing_lines": [286, 287, 289, 293], "excluded_lines": [], "start_line": 285}, "_parse_operation_id": {"executed_lines": [], "summary": {"covered_lines": 0, "num_statements": 6, "percent_covered": 0.0, "percent_covered_display": "0", "missing_lines": 6, "excluded_lines": 0, "percent_statements_covered": 0.0, "percent_statements_covered_display": "0"}, "missing_lines": [297, 298, 299, 300, 301, 302], "excluded_lines": [], "start_line": 296}, "": {"executed_lines": [1, 3, 4, 6, 7, 8, 9, 10, 12, 13, 14, 16, 19, 20, 21, 22, 25, 26, 27, 28, 29, 30, 31, 34, 35, 38, 39, 40, 43, 44, 79, 80, 159, 160, 196, 197, 285, 296], "summary": {"covered_lines": 38, "num_statements": 38, "percent_covered": 100.0, "percent_covered_display": "100", "missing_lines": 0, "excluded_lines": 0, "percent_statements_covered": 100.0, "percent_statements_covered_display": "100"}, "missing_lines": [], "excluded_lines": [], "start_line": 1}}, "classes": {"BotCreateRequest": {"executed_lines": [], "summary": {"covered_lines": 0, "num_statements": 0, "percent_covered": 100.0, "percent_covered_display": "100", "missing_lines": 0, "excluded_lines": 0, "percent_statements_covered": 100.0, "percent_statements_covered_display": "100"}, "missing_lines": [], "excluded_lines": [], "start_line": 19}, "BotResponse": {"executed_lines": [], "summary": {"covered_lines": 0, "num_statements": 0, "percent_covered": 100.0, "percent_covered_display": "100", "missing_lines": 0, "excluded_lines": 0, "percent_statements_covered": 100.0, "percent_statements_covered_display": "100"}, "missing_lines": [], "excluded_lines": [], "start_line": 25}, "BotsListResponse": {"executed_lines": [], "summary": {"covered_lines": 0, "num_statements": 0, "percent_covered": 100.0, "percent_covered_display": "100", "missing_lines": 0, "excluded_lines": 0, "percent_statements_covered": 100.0, "percent_statements_covered_display": "100"}, "missing_lines": [], "excluded_lines": [], "start_line": 34}, "UpdateInstructionRequest": {"executed_lines": [], "summary": {"covered_lines": 0, "num_statements": 0, "percent_covered": 100.0, "percent_covered_display": "100", "missing_lines": 0, "excluded_lines": 0, "percent_statements_covered": 100.0, "percent_statements_covered_display": "100"}, "missing_lines": [], "excluded_lines": [], "start_line": 38}, "": {"executed_lines": [1, 3, 4, 6, 7, 8, 9, 10, 12, 13, 14, 16, 19, 20, 21, 22, 25, 26, 27, 28, 29, 30, 31, 34, 35, 38, 39, 40, 43, 44, 79, 80, 159, 160, 196, 197, 285, 296], "summary": {"covered_lines": 38, "num_statements": 95, "percent_covered": 40.0, "percent_covered_display": "40", "missing_lines": 57, "excluded_lines": 0, "percent_statements_covered": 40.0, "percent_statements_covered_display": "40"}, "missing_lines": [48, 51, 57, 63, 64, 65, 66, 76, 86, 88, 89, 90, 98, 99, 107, 116, 122, 123, 125, 126, 135, 136, 147, 149, 165, 167, 172, 173, 178, 186, 205, 206, 208, 213, 214, 219, 220, 229, 230, 239, 246, 248, 249, 258, 259, 273, 275, 286, 287, 289, 293, 297, 298, 299, 300, 301, 302], "excluded_lines": [], "start_line": 1}}}, "bots_src/entrypoints/http/routes_health.py": {"executed_lines": [1, 3, 4, 5, 7, 9, 12, 13, 14, 17, 18], "summary": {"covered_lines": 11, "num_statements": 16, "percent_covered": 68.75, "percent_covered_display": "69", "missing_lines": 5, "excluded_lines": 0, "percent_statements_covered": 68.75, "percent_statements_covered_display": "69"}, "missing_lines": [19, 20, 21, 22, 23], "excluded_lines": [], "functions": {"healthz": {"executed_lines": [14], "summary": {"covered_lines": 1, "num_statements": 1, "percent_covered": 100.0, "percent_covered_display": "100", "missing_lines": 0, "excluded_lines": 0, "percent_statements_covered": 100.0, "percent_statements_covered_display": "100"}, "missing_lines": [], "excluded_lines": [], "start_line": 13}, "readyz": {"executed_lines": [], "summary": {"covered_lines": 0, "num_statements": 5, "percent_covered": 0.0, "percent_covered_display": "0", "missing_lines": 5, "excluded_lines": 0, "percent_statements_covered": 0.0, "percent_statements_covered_display": "0"}, "missing_lines": [19, 20, 21, 22, 23], "excluded_lines": [], "start_line": 18}, "": {"executed_lines": [1, 3, 4, 5, 7, 9, 12, 13, 17, 18], "summary": {"covered_lines": 10, "num_statements": 10, "percent_covered": 100.0, "percent_covered_display": "100", "missing_lines": 0, "excluded_lines": 0, "percent_statements_covered": 100.0, "percent_statements_covered_display": "100"}, "missing_lines": [], "excluded_lines": [], "start_line": 1}}, "classes": {"": {"executed_lines": [1, 3, 4, 5, 7, 9, 12, 13, 14, 17, 18], "summary": {"covered_lines": 11, "num_statements": 16, "percent_covered": 68.75, "percent_covered_display": "69", "missing_lines": 5, "excluded_lines": 0, "percent_statements_covered": 68.75, "percent_statements_covered_display": "69"}, "missing_lines": [19, 20, 21, 22, 23], "excluded_lines": [], "start_line": 1}}}, "bots_src/errors/http_errors.py": {"executed_lines": [1, 3, 5, 8, 11, 12, 13, 14], "summary": {"covered_lines": 8, "num_statements": 8, "percent_covered": 100.0, "percent_covered_display": "100", "missing_lines": 0, "excluded_lines": 0, "percent_statements_covered": 100.0, "percent_statements_covered_display": "100"}, "missing_lines": [], "excluded_lines": [], "functions": {"": {"executed_lines": [1, 3, 5, 8, 11, 12, 13, 14], "summary": {"covered_lines": 8, "num_statements": 8, "percent_covered": 100.0, "percent_covered_display": "100", "missing_lines": 0, "excluded_lines": 0, "percent_statements_covered": 100.0, "percent_statements_covered_display": "100"}, "missing_lines": [], "excluded_lines": [], "start_line": 1}}, "classes": {"ErrorResponse": {"executed_lines": [], "summary": {"covered_lines": 0, "num_statements": 0, "percent_covered": 100.0, "percent_covered_display": "100", "missing_lines": 0, "excluded_lines": 0, "percent_statements_covered": 100.0, "percent_statements_covered_display": "100"}, "missing_lines": [], "excluded_lines": [], "start_line": 8}, "": {"executed_lines": [1, 3, 5, 8, 11, 12, 13, 14], "summary": {"covered_lines": 8, "num_statements": 8, "percent_covered": 100.0, "percent_covered_display": "100", "missing_lines": 0, "excluded_lines": 0, "percent_statements_covered": 100.0, "percent_statements_covered_display": "100"}, "missing_lines": [], "excluded_lines": [], "start_line": 1}}}, "bots_src/main.py": {"executed_lines": [1, 3, 4, 6, 7, 8, 9, 10, 11, 13, 14, 15, 16, 17, 18, 21, 36, 62, 71, 72, 73, 74, 76, 77, 85, 86, 87, 89, 90, 91, 92, 95, 96, 97, 99, 100, 101, 102, 105, 108, 109, 110, 111, 112, 116], "summary": {"covered_lines": 45, "num_statements": 71, "percent_covered": 63.38028169014085, "percent_covered_display": "63", "missing_lines": 26, "excluded_lines": 0, "percent_statements_covered": 63.38028169014085, "percent_statements_covered_display": "63"}, "missing_lines": [25, 26, 27, 33, 38, 39, 41, 42, 43, 45, 46, 47, 48, 49, 50, 51, 52, 54, 56, 59, 64, 65, 68, 103, 104, 113], "excluded_lines": [], "functions": {"validation_exception_handler": {"executed_lines": [], "summary": {"covered_lines": 0, "num_statements": 4, "percent_covered": 0.0, "percent_covered_display": "0", "missing_lines": 4, "excluded_lines": 0, "percent_statements_covered": 0.0, "percent_statements_covered_display": "0"}, "missing_lines": [25, 26, 27, 33], "excluded_lines": [], "start_line": 21}, "http_exception_handler": {"executed_lines": [], "summary": {"covered_lines": 0, "num_statements": 16, "percent_covered": 0.0, "percent_covered_display": "0", "missing_lines": 16, "excluded_lines": 0, "percent_statements_covered": 0.0, "percent_statements_covered_display": "0"}, "missing_lines": [38, 39, 41, 42, 43, 45, 46, 47, 48, 49, 50, 51, 52, 54, 56, 59], "excluded_lines": [], "start_line": 36}, "unhandled_exception_handler": {"executed_lines": [], "summary": {"covered_lines": 0, "num_statements": 3, "percent_covered": 0.0, "percent_covered_display": "0", "missing_lines": 3, "excluded_lines": 0, "percent_statements_covered": 0.0, "percent_statements_covered_display": "0"}, "missing_lines": [64, 65, 68], "excluded_lines": [], "start_line": 62}, "create_app": {"executed_lines": [72, 73, 74, 76, 77, 85, 86, 87, 89, 90, 91, 92], "summary": {"covered_lines": 12, "num_statements": 12, "percent_covered": 100.0, "percent_covered_display": "100", "missing_lines": 0, "excluded_lines": 0, "percent_statements_covered": 100.0, "percent_statements_covered_display": "100"}, "missing_lines": [], "excluded_lines": [], "start_line": 71}, "_load_settings": {"executed_lines": [96, 97, 99, 100, 101, 102, 105], "summary": {"covered_lines": 7, "num_statements": 9, "percent_covered": 77.77777777777777, "percent_covered_display": "78", "missing_lines": 2, "excluded_lines": 0, "percent_statements_covered": 77.77777777777777, "percent_statements_covered_display": "78"}, "missing_lines": [103, 104], "excluded_lines": [], "start_line": 95}, "_find_repo_root": {"executed_lines": [109, 110, 111, 112], "summary": {"covered_lines": 4, "num_statements": 5, "percent_covered": 80.0, "percent_covered_display": "80", "missing_lines": 1, "excluded_lines": 0, "percent_statements_covered": 80.0, "percent_statements_covered_display": "80"}, "missing_lines": [113], "excluded_lines": [], "start_line": 108}, "": {"executed_lines": [1, 3, 4, 6, 7, 8, 9, 10, 11, 13, 14, 15, 16, 17, 18, 21, 36, 62, 71, 95, 108, 116], "summary": {"covered_lines": 22, "num_statements": 22, "percent_covered": 100.0, "percent_covered_display": "100", "missing_lines": 0, "excluded_lines": 0, "percent_statements_covered": 100.0, "percent_statements_covered_display": "100"}, "missing_lines": [], "excluded_lines": [], "start_line": 1}}, "classes": {"": {"executed_lines": [1, 3, 4, 6, 7, 8, 9, 10, 11, 13, 14, 15, 16, 17, 18, 21, 36, 62, 71, 72, 73, 74, 76, 77, 85, 86, 87, 89, 90, 91, 92, 95, 96, 97, 99, 100, 101, 102, 105, 108, 109, 110, 111, 112, 116], "summary": {"covered_lines": 45, "num_statements": 71, "percent_covered": 63.38028169014085, "percent_covered_display": "63", "missing_lines": 26, "excluded_lines": 0, "percent_statements_covered": 63.38028169014085, "percent_statements_covered_display": "63"}, "missing_lines": [25, 26, 27, 33, 38, 39, 41, 42, 43, 45, 46, 47, 48, 49, 50, 51, 52, 54, 56, 59, 64, 65, 68, 103, 104, 113], "excluded_lines": [], "start_line": 1}}}, "bots_src/middleware/tenant.py": {"executed_lines": [1, 3, 5, 6, 7, 9, 12, 15, 17, 18, 20, 21, 25, 26, 28, 29, 30, 51, 52], "summary": {"covered_lines": 19, "num_statements": 35, "percent_covered": 54.285714285714285, "percent_covered_display": "54", "missing_lines": 16, "excluded_lines": 0, "percent_statements_covered": 54.285714285714285, "percent_statements_covered_display": "54"}, "missing_lines": [22, 23, 32, 33, 34, 35, 36, 38, 39, 42, 45, 47, 48, 53, 60, 65], "excluded_lines": [], "functions": {"TenantMiddleware.__init__": {"executed_lines": [18], "summary": {"covered_lines": 1, "num_statements": 1, "percent_covered": 100.0, "percent_covered_display": "100", "missing_lines": 0, "excluded_lines": 0, "percent_statements_covered": 100.0, "percent_statements_covered_display": "100"}, "missing_lines": [], "excluded_lines": [], "start_line": 17}, "TenantMiddleware.__call__": {"executed_lines": [21, 25, 26, 28, 29, 30], "summary": {"covered_lines": 6, "num_statements": 19, "percent_covered": 31.57894736842105, "percent_covered_display": "32", "missing_lines": 13, "excluded_lines": 0, "percent_statements_covered": 31.57894736842105, "percent_statements_covered_display": "32"}, "missing_lines": [22, 23, 32, 33, 34, 35, 36, 38, 39, 42, 45, 47, 48], "excluded_lines": [], "start_line": 20}, "TenantMiddleware._respond_json": {"executed_lines": [], "summary": {"covered_lines": 0, "num_statements": 3, "percent_covered": 0.0, "percent_covered_display": "0", "missing_lines": 3, "excluded_lines": 0, "percent_statements_covered": 0.0, "percent_statements_covered_display": "0"}, "missing_lines": [53, 60, 65], "excluded_lines": [], "start_line": 52}, "": {"executed_lines": [1, 3, 5, 6, 7, 9, 12, 15, 17, 20, 51, 52], "summary": {"covered_lines": 12, "num_statements": 12, "percent_covered": 100.0, "percent_covered_display": "100", "missing_lines": 0, "excluded_lines": 0, "percent_statements_covered": 100.0, "percent_statements_covered_display": "100"}, "missing_lines": [], "excluded_lines": [], "start_line": 1}}, "classes": {"TenantMiddleware": {"executed_lines": [18, 21, 25, 26, 28, 29, 30], "summary": {"covered_lines": 7, "num_statements": 23, "percent_covered": 30.434782608695652, "percent_covered_display": "30", "missing_lines": 16, "excluded_lines": 0, "percent_statements_covered": 30.434782608695652, "percent_statements_covered_display": "30"}, "missing_lines": [22, 23, 32, 33, 34, 35, 36, 38, 39, 42, 45, 47, 48, 53, 60, 65], "excluded_lines": [], "start_line": 12}, "": {"executed_lines": [1, 3, 5, 6, 7, 9, 12, 15, 17, 20, 51, 52], "summary": {"covered_lines": 12, "num_statements": 12, "percent_covered": 100.0, "percent_covered_display": "100", "missing_lines": 0, "excluded_lines": 0, "percent_statements_covered": 100.0, "percent_statements_covered_display": "100"}, "missing_lines": [], "excluded_lines": [], "start_line": 1}}}, "tests/test_health.py": {"executed_lines": [1, 3, 5, 6, 9, 10, 11, 12, 13, 14], "summary": {"covered_lines": 10, "num_statements": 10, "percent_covered": 100.0, "percent_covered_display": "100", "missing_lines": 0, "excluded_lines": 0, "percent_statements_covered": 100.0, "percent_statements_covered_display": "100"}, "missing_lines": [], "excluded_lines": [], "functions": {"test_healthz": {"executed_lines": [10, 11, 12, 13, 14], "summary": {"covered_lines": 5, "num_statements": 5, "percent_covered": 100.0, "percent_covered_display": "100", "missing_lines": 0, "excluded_lines": 0, "percent_statements_covered": 100.0, "percent_statements_covered_display": "100"}, "missing_lines": [], "excluded_lines": [], "start_line": 9}, "": {"executed_lines": [1, 3, 5, 6, 9], "summary": {"covered_lines": 5, "num_statements": 5, "percent_covered": 100.0, "percent_covered_display": "100", "missing_lines": 0, "excluded_lines": 0, "percent_statements_covered": 100.0, "percent_statements_covered_display": "100"}, "missing_lines": [], "excluded_lines": [], "start_line": 1}}, "classes": {"": {"executed_lines": [1, 3, 5, 6, 9, 10, 11, 12, 13, 14], "summary": {"covered_lines": 10, "num_statements": 10, "percent_covered": 100.0, "percent_covered_display": "100", "missing_lines": 0, "excluded_lines": 0, "percent_statements_covered": 100.0, "percent_statements_covered_display": "100"}, "missing_lines": [], "excluded_lines": [], "start_line": 1}}}}, "totals": {"covered_lines": 203, "num_statements": 310, "percent_covered": 65.48387096774194, "percent_covered_display": "65", "missing_lines": 107, "excluded_lines": 0, "percent_statements_covered": 65.48387096774194, "percent_statements_covered_display": "65"}}